Arguments: 
  C:\Program Files\nodejs\node.exe C:\Users\miroslav.petrov\AppData\Roaming\npm\node_modules\yarn\bin\yarn.js add bootstrap@4.6.0

PATH: 
  C:\windows\system32;C:\windows;C:\windows\System32\Wbem;C:\windows\System32\WindowsPowerShell\v1.0\;C:\windows\System32\OpenSSH\;C:\Program Files\TortoiseSVN\bin;C:\Program Files\WinMerge;C:\xampp\php;C:\composer;C:\Program Files\nodejs\;C:\Users\miroslav.petrov\AppData\Local\Microsoft\WindowsApps;;C:\Users\miroslav.petrov\AppData\Local\Programs\Microsoft VS Code\bin;C:\Users\miroslav.petrov\AppData\Roaming\npm;C:\Users\miroslav.petrov\AppData\Roaming\Composer\vendor\bin

Yarn version: 
  1.22.19

Node version: 
  10.24.1

Platform: 
  win32 x64

Trace: 
  Error: self signed certificate in certificate chain
      at TLSSocket.onConnectSecure (_tls_wrap.js:1088:34)
      at TLSSocket.emit (events.js:198:13)
      at TLSSocket._finishInit (_tls_wrap.js:666:8)

npm manifest: 
  {
    "name": "bootstrap-project-1",
    "version": "1.0.0",
    "description": "",
    "main": "index.js",
    "scripts": {
      "test": "echo \"Error: no test specified\" && exit 1"
    },
    "author": "",
    "license": "ISC",
    "dependencies": {
      "jquery": "^3.6.0",
      "normalize.css": "^8.0.1"
    }
  }

yarn manifest: 
  No manifest

Lockfile: 
  No lockfile
